<?xml version="1.0" encoding="UTF-8"?>
<testng-results ignored="0" total="11" passed="11" failed="0" skipped="0">
  <reporter-output>
  </reporter-output>
  <suite started-at="2022-08-17T09:45:21 IST" name="Command line suite" finished-at="2022-08-17T09:45:31 IST" duration-ms="10684">
    <groups>
      <group name="cucumber">
        <method signature="AbstractTestNGCucumberTests.runScenario(io.cucumber.testng.PickleWrapper,io.cucumber.testng.FeatureWrapper)[pri:0, instance:runner.TestRunner@6aaceffd]" name="runScenario" class="io.cucumber.testng.AbstractTestNGCucumberTests"/>
      </group> <!-- cucumber -->
    </groups>
    <test started-at="2022-08-17T09:45:21 IST" name="Command line test" finished-at="2022-08-17T09:45:31 IST" duration-ms="10684">
      <class name="runner.TestRunner">
        <test-method is-config="true" signature="setUpClass()[pri:0, instance:runner.TestRunner@6aaceffd]" started-at="2022-08-17T09:45:22 IST" name="setUpClass" finished-at="2022-08-17T09:45:22 IST" duration-ms="686" status="PASS">
          <reporter-output>
          </reporter-output>
        </test-method> <!-- setUpClass -->
        <test-method signature="runScenario(io.cucumber.testng.PickleWrapper,io.cucumber.testng.FeatureWrapper)[pri:0, instance:runner.TestRunner@6aaceffd]" started-at="2022-08-17T09:45:22 IST" name="runScenario" description="Runs Cucumber Scenarios" data-provider="scenarios" finished-at="2022-08-17T09:45:24 IST" duration-ms="1747" status="PASS">
          <params>
            <param index="0">
              <value>
                <![CDATA["verify if user resources can be added"]]>
              </value>
            </param>
            <param index="1">
              <value>
                <![CDATA["Optional[UserController feature]"]]>
              </value>
            </param>
          </params>
          <reporter-output>
          </reporter-output>
        </test-method> <!-- runScenario -->
        <test-method signature="runScenario(io.cucumber.testng.PickleWrapper,io.cucumber.testng.FeatureWrapper)[pri:0, instance:runner.TestRunner@6aaceffd]" started-at="2022-08-17T09:45:24 IST" name="runScenario" description="Runs Cucumber Scenarios" data-provider="scenarios" finished-at="2022-08-17T09:45:24 IST" duration-ms="179" status="PASS">
          <params>
            <param index="0">
              <value>
                <![CDATA["verify the user is able to create with no marks"]]>
              </value>
            </param>
            <param index="1">
              <value>
                <![CDATA["Optional[UserController feature]"]]>
              </value>
            </param>
          </params>
          <reporter-output>
          </reporter-output>
        </test-method> <!-- runScenario -->
        <test-method signature="runScenario(io.cucumber.testng.PickleWrapper,io.cucumber.testng.FeatureWrapper)[pri:0, instance:runner.TestRunner@6aaceffd]" started-at="2022-08-17T09:45:24 IST" name="runScenario" description="Runs Cucumber Scenarios" data-provider="scenarios" finished-at="2022-08-17T09:45:25 IST" duration-ms="951" status="PASS">
          <params>
            <param index="0">
              <value>
                <![CDATA["verify the user is able to create with no name"]]>
              </value>
            </param>
            <param index="1">
              <value>
                <![CDATA["Optional[UserController feature]"]]>
              </value>
            </param>
          </params>
          <reporter-output>
          </reporter-output>
        </test-method> <!-- runScenario -->
        <test-method signature="runScenario(io.cucumber.testng.PickleWrapper,io.cucumber.testng.FeatureWrapper)[pri:0, instance:runner.TestRunner@6aaceffd]" started-at="2022-08-17T09:45:25 IST" name="runScenario" description="Runs Cucumber Scenarios" data-provider="scenarios" finished-at="2022-08-17T09:45:25 IST" duration-ms="135" status="PASS">
          <params>
            <param index="0">
              <value>
                <![CDATA["verify the user is able to create with no address"]]>
              </value>
            </param>
            <param index="1">
              <value>
                <![CDATA["Optional[UserController feature]"]]>
              </value>
            </param>
          </params>
          <reporter-output>
          </reporter-output>
        </test-method> <!-- runScenario -->
        <test-method signature="runScenario(io.cucumber.testng.PickleWrapper,io.cucumber.testng.FeatureWrapper)[pri:0, instance:runner.TestRunner@6aaceffd]" started-at="2022-08-17T09:45:25 IST" name="runScenario" description="Runs Cucumber Scenarios" data-provider="scenarios" finished-at="2022-08-17T09:45:26 IST" duration-ms="260" status="PASS">
          <params>
            <param index="0">
              <value>
                <![CDATA["verify if a user name can be updated"]]>
              </value>
            </param>
            <param index="1">
              <value>
                <![CDATA["Optional[UserController feature]"]]>
              </value>
            </param>
          </params>
          <reporter-output>
          </reporter-output>
        </test-method> <!-- runScenario -->
        <test-method signature="runScenario(io.cucumber.testng.PickleWrapper,io.cucumber.testng.FeatureWrapper)[pri:0, instance:runner.TestRunner@6aaceffd]" started-at="2022-08-17T09:45:26 IST" name="runScenario" description="Runs Cucumber Scenarios" data-provider="scenarios" finished-at="2022-08-17T09:45:26 IST" duration-ms="284" status="PASS">
          <params>
            <param index="0">
              <value>
                <![CDATA["Verify that the user is deleted"]]>
              </value>
            </param>
            <param index="1">
              <value>
                <![CDATA["Optional[UserController feature]"]]>
              </value>
            </param>
          </params>
          <reporter-output>
          </reporter-output>
        </test-method> <!-- runScenario -->
        <test-method signature="runScenario(io.cucumber.testng.PickleWrapper,io.cucumber.testng.FeatureWrapper)[pri:0, instance:runner.TestRunner@6aaceffd]" started-at="2022-08-17T09:45:26 IST" name="runScenario" description="Runs Cucumber Scenarios" data-provider="scenarios" finished-at="2022-08-17T09:45:26 IST" duration-ms="248" status="PASS">
          <params>
            <param index="0">
              <value>
                <![CDATA["verify if a user address can be updated"]]>
              </value>
            </param>
            <param index="1">
              <value>
                <![CDATA["Optional[UserController feature]"]]>
              </value>
            </param>
          </params>
          <reporter-output>
          </reporter-output>
        </test-method> <!-- runScenario -->
        <test-method signature="runScenario(io.cucumber.testng.PickleWrapper,io.cucumber.testng.FeatureWrapper)[pri:0, instance:runner.TestRunner@6aaceffd]" started-at="2022-08-17T09:45:26 IST" name="runScenario" description="Runs Cucumber Scenarios" data-provider="scenarios" finished-at="2022-08-17T09:45:27 IST" duration-ms="403" status="PASS">
          <params>
            <param index="0">
              <value>
                <![CDATA["verify if a user marks can be updated"]]>
              </value>
            </param>
            <param index="1">
              <value>
                <![CDATA["Optional[UserController feature]"]]>
              </value>
            </param>
          </params>
          <reporter-output>
          </reporter-output>
        </test-method> <!-- runScenario -->
        <test-method signature="runScenario(io.cucumber.testng.PickleWrapper,io.cucumber.testng.FeatureWrapper)[pri:0, instance:runner.TestRunner@6aaceffd]" started-at="2022-08-17T09:45:27 IST" name="runScenario" description="Runs Cucumber Scenarios" data-provider="scenarios" finished-at="2022-08-17T09:45:27 IST" duration-ms="423" status="PASS">
          <params>
            <param index="0">
              <value>
                <![CDATA["verify the users list is displayed"]]>
              </value>
            </param>
            <param index="1">
              <value>
                <![CDATA["Optional[UserController feature]"]]>
              </value>
            </param>
          </params>
          <reporter-output>
          </reporter-output>
        </test-method> <!-- runScenario -->
        <test-method signature="runScenario(io.cucumber.testng.PickleWrapper,io.cucumber.testng.FeatureWrapper)[pri:0, instance:runner.TestRunner@6aaceffd]" started-at="2022-08-17T09:45:27 IST" name="runScenario" description="Runs Cucumber Scenarios" data-provider="scenarios" finished-at="2022-08-17T09:45:27 IST" duration-ms="346" status="PASS">
          <params>
            <param index="0">
              <value>
                <![CDATA["verify that the particular user in the list is displayed"]]>
              </value>
            </param>
            <param index="1">
              <value>
                <![CDATA["Optional[UserController feature]"]]>
              </value>
            </param>
          </params>
          <reporter-output>
          </reporter-output>
        </test-method> <!-- runScenario -->
        <test-method signature="runScenario(io.cucumber.testng.PickleWrapper,io.cucumber.testng.FeatureWrapper)[pri:0, instance:runner.TestRunner@6aaceffd]" started-at="2022-08-17T09:45:27 IST" name="runScenario" description="Runs Cucumber Scenarios" data-provider="scenarios" finished-at="2022-08-17T09:45:28 IST" duration-ms="334" status="PASS">
          <params>
            <param index="0">
              <value>
                <![CDATA["verify that the invalid id user is displayed"]]>
              </value>
            </param>
            <param index="1">
              <value>
                <![CDATA["Optional[UserController feature]"]]>
              </value>
            </param>
          </params>
          <reporter-output>
          </reporter-output>
        </test-method> <!-- runScenario -->
        <test-method is-config="true" signature="tearDownClass()[pri:0, instance:runner.TestRunner@6aaceffd]" started-at="2022-08-17T09:45:28 IST" name="tearDownClass" finished-at="2022-08-17T09:45:31 IST" duration-ms="3708" status="PASS">
          <reporter-output>
          </reporter-output>
        </test-method> <!-- tearDownClass -->
      </class> <!-- runner.TestRunner -->
    </test> <!-- Command line test -->
  </suite> <!-- Command line suite -->
</testng-results>
